2024-06-15 15:13:54,534 (15838/MainThread) litecli.main ERROR - sql: 'select * from ', error: OperationalError('incomplete input')
2024-06-15 15:13:54,537 (15838/MainThread) litecli.main ERROR - traceback: 'Traceback (most recent call last):\n  File "/opt/homebrew/Cellar/litecli/1.11.0/libexec/lib/python3.12/site-packages/litecli/sqlexecute.py", line 125, in run\n    for result in special.execute(cur, sql):\n                  ^^^^^^^^^^^^^^^^^^^^^^^^^\n  File "/opt/homebrew/Cellar/litecli/1.11.0/libexec/lib/python3.12/site-packages/litecli/packages/special/main.py", line 109, in execute\n    raise CommandNotFound\nlitecli.packages.special.main.CommandNotFound\n\nDuring handling of the above exception, another exception occurred:\n\nTraceback (most recent call last):\n  File "/opt/homebrew/Cellar/litecli/1.11.0/libexec/lib/python3.12/site-packages/litecli/main.py", line 453, in one_iteration\n    for title, cur, headers, status in res:\n  File "/opt/homebrew/Cellar/litecli/1.11.0/libexec/lib/python3.12/site-packages/litecli/sqlexecute.py", line 132, in run\n    cur.execute(sql)\nsqlite3.OperationalError: incomplete input\n'
